
> efa-tatto-y-enric@0.1.0 dev
> vite --host 127.0.0.1

[2m22:34:17[22m [36m[1m[vite][22m[39m [90m[2m(client)[22m[39m Re-optimizing dependencies because lockfile has changed

  [32m[1mVITE[22m v7.3.1[39m  [2mready in [0m[1m2125[22m[2m[0m ms[22m

  [32m➜[39m  [1mLocal[22m:   [36mhttp://127.0.0.1:[1m5173[22m/[39m
[2m22:42:08[22m [36m[1m[vite][22m[39m [90m[2m(client)[22m[39m [32mhmr update [39m[2m/src/components/home/HeroSection.tsx, /src/styles/globals.css[22m
[2m22:42:42[22m [36m[1m[vite][22m[39m [90m[2m(client)[22m[39m [32mhmr update [39m[2m/src/components/home/HeroSection.tsx, /src/styles/globals.css[22m
[2m17:12:13[22m [36m[1m[vite][22m[39m [90m[2m(client)[22m[39m [32mhmr update [39m[2m/src/components/home/HeroSection.tsx, /src/styles/globals.css[22m
[2m17:13:02[22m [31m[1m[vite][22m[39m [31mInternal server error: Cannot find module 'C:\Users\user\Desktop\clinic-scale-system\efa-tattoo-web\node_modules\vite\dist\node\chunks\dist.js' imported from C:\Users\user\Desktop\clinic-scale-system\efa-tattoo-web\node_modules\vite\dist\node\chunks\config.js[39m
      at finalizeResolution (node:internal/modules/esm/resolve:275:11)
      at moduleResolve (node:internal/modules/esm/resolve:865:10)
      at defaultResolve (node:internal/modules/esm/resolve:991:11)
      at nextResolve (node:internal/modules/esm/hooks:785:28)
      at o (file:///C:/Users/user/Desktop/clinic-scale-system/efa-tattoo-web/node_modules/@tailwindcss/node/dist/esm-cache.loader.mjs:1:69)
      at nextResolve (node:internal/modules/esm/hooks:785:28)
      at AsyncLoaderHooksOnLoaderHookWorker.resolve (node:internal/modules/esm/hooks:269:30)
      at MessagePort.handleMessage (node:internal/modules/esm/worker:251:24)
      at [nodejs.internal.kHybridDispatch] (node:internal/event_target:843:20)
      at MessagePort.<anonymous> (node:internal/per_context/messageport:23:28)

C:\Users\user\Desktop\clinic-scale-system\efa-tattoo-web>